initializing MuonTree...   macFileName:/home/odschnei/MuonX/g4sim/ICSIMtest/icsim_03_01b/jobs/../odin_test_sim/build/batch_run_C0RRR_01.mac
 
=== Parameters from /home/odschnei/MuonX/g4sim/ICSIMtest/icsim_03_01b/jobs/../odin_test_sim/build/batch_run_C0RRR_01.mac (MuonTree::readMacFile) ===
MuonListPre => muon
cairnRotZ => 0.0
camera1Xpos => -35.0
camera1Zpos => 0.5
cameraRot => 0.0
cameraWidth => 2.0
chamberPosX => 0.0
chamberPosY => 0.0
chamberPosZ => 2.0
chamberSizeX => 4.0
chamberSizeY => 4.0
chamberSizeZ => 4.0
createMuonList => false
createNtuple => true
cryAzimuthalAngleMax => 100.0
cryAzimuthalAngleMin => 80.0
cryDZ => 0.5
cryElevationAngleMax => 25.0
cryElevationAngleMin => 0.0
cryPcut => 2000.0
cryWorldR => 50.0
cryWorldZ => 11.0
cryX => 0.00
cryY => -35.00
cryZ => -3.8
jobName => ICv2
materialCairn => Rock2
materialChamber => Rock2
materialHill => Rock1
materialPassage => Rock2
miniNtuple => ture
monitorEvents => 1000
numberOfEvents => 1000
passagePosX => 0.0
passagePosY => 6.5
passagePosZ => 4.0
passageSizeX => 1.0
passageSizeY => 10.0
passageSizeZ => 2.0
pgunP => 20.0
pgunParticle => mu+
pgunX => -30.0
pgunXdir => -1.0
pgunY => 0.0
pgunYdir => 0.01
pgunZ => -6.0
pgunZdir => 0.01
rootPre => mc
runConfig => C0RRR
runNumber => 01
runSeq => 00
trackMuonOnly => true
trackStopZ => -10.0
useParticleGun => false
a=-runNumber   size:10
MuonListPre => muon
cairnRotZ => 0.0
camera1Xpos => -35.0
camera1Zpos => 0.5
cameraRot => 0.0
cameraWidth => 2.0
chamberPosX => 0.0
chamberPosY => 0.0
chamberPosZ => 2.0
chamberSizeX => 4.0
chamberSizeY => 4.0
chamberSizeZ => 4.0
createMuonList => false
createNtuple => true
cryAzimuthalAngleMax => 100.0
cryAzimuthalAngleMin => 80.0
cryDZ => 0.5
cryElevationAngleMax => 25.0
cryElevationAngleMin => 0.0
cryPcut => 2000.0
cryWorldR => 50.0
cryWorldZ => 11.0
cryX => 0.00
cryY => -35.00
cryZ => -3.8
jobName => ICv2
materialCairn => Rock2
materialChamber => Rock2
materialHill => Rock1
materialPassage => Rock2
miniNtuple => ture
monitorEvents => 1000
numberOfEvents => 1000
passagePosX => 0.0
passagePosY => 6.5
passagePosZ => 4.0
passageSizeX => 1.0
passageSizeY => 10.0
passageSizeZ => 2.0
pgunP => 20.0
pgunParticle => mu+
pgunX => -30.0
pgunXdir => -1.0
pgunY => 0.0
pgunYdir => 0.01
pgunZ => -6.0
pgunZdir => 0.01
rootPre => mc
runConfig => C0RRR
runNumber => 01
MuonTree::setParam:  key is found.
MuonTree::setParam: (overwrite)  kew=runNumber  val=101
a=-runSeq   size:7
MuonListPre => muon
cairnRotZ => 0.0
camera1Xpos => -35.0
camera1Zpos => 0.5
cameraRot => 0.0
cameraWidth => 2.0
chamberPosX => 0.0
chamberPosY => 0.0
chamberPosZ => 2.0
chamberSizeX => 4.0
chamberSizeY => 4.0
chamberSizeZ => 4.0
createMuonList => false
createNtuple => true
cryAzimuthalAngleMax => 100.0
cryAzimuthalAngleMin => 80.0
cryDZ => 0.5
cryElevationAngleMax => 25.0
cryElevationAngleMin => 0.0
cryPcut => 2000.0
cryWorldR => 50.0
cryWorldZ => 11.0
cryX => 0.00
cryY => -35.00
cryZ => -3.8
jobName => ICv2
materialCairn => Rock2
materialChamber => Rock2
materialHill => Rock1
materialPassage => Rock2
miniNtuple => ture
monitorEvents => 1000
numberOfEvents => 1000
passagePosX => 0.0
passagePosY => 6.5
passagePosZ => 4.0
passageSizeX => 1.0
passageSizeY => 10.0
passageSizeZ => 2.0
pgunP => 20.0
pgunParticle => mu+
pgunX => -30.0
pgunXdir => -1.0
pgunY => 0.0
pgunYdir => 0.01
pgunZ => -6.0
pgunZdir => 0.01
rootPre => mc
runConfig => C0RRR
runNumber => 101
runSeq => 00
MuonTree::setParam:  key is found.
MuonTree::setParam: (overwrite)  kew=runSeq  val=280
a=-numberOfEvents   size:15
MuonListPre => muon
cairnRotZ => 0.0
camera1Xpos => -35.0
camera1Zpos => 0.5
cameraRot => 0.0
cameraWidth => 2.0
chamberPosX => 0.0
chamberPosY => 0.0
chamberPosZ => 2.0
chamberSizeX => 4.0
chamberSizeY => 4.0
chamberSizeZ => 4.0
createMuonList => false
createNtuple => true
cryAzimuthalAngleMax => 100.0
cryAzimuthalAngleMin => 80.0
cryDZ => 0.5
cryElevationAngleMax => 25.0
cryElevationAngleMin => 0.0
cryPcut => 2000.0
cryWorldR => 50.0
cryWorldZ => 11.0
cryX => 0.00
cryY => -35.00
cryZ => -3.8
jobName => ICv2
materialCairn => Rock2
materialChamber => Rock2
materialHill => Rock1
materialPassage => Rock2
miniNtuple => ture
monitorEvents => 1000
numberOfEvents => 1000
MuonTree::setParam:  key is found.
MuonTree::setParam: (overwrite)  kew=numberOfEvents  val=20000
a=-dataDIR   size:8
MuonListPre => muon
cairnRotZ => 0.0
camera1Xpos => -35.0
camera1Zpos => 0.5
cameraRot => 0.0
cameraWidth => 2.0
chamberPosX => 0.0
chamberPosY => 0.0
chamberPosZ => 2.0
chamberSizeX => 4.0
chamberSizeY => 4.0
chamberSizeZ => 4.0
createMuonList => false
createNtuple => true
cryAzimuthalAngleMax => 100.0
cryAzimuthalAngleMin => 80.0
cryDZ => 0.5
cryElevationAngleMax => 25.0
cryElevationAngleMin => 0.0
cryPcut => 2000.0
cryWorldR => 50.0
cryWorldZ => 11.0
cryX => 0.00
cryY => -35.00
cryZ => -3.8
jobName => ICv2
materialCairn => Rock2
materialChamber => Rock2
materialHill => Rock1
materialPassage => Rock2
miniNtuple => ture
monitorEvents => 1000
numberOfEvents => 20000
passagePosX => 0.0
passagePosY => 6.5
passagePosZ => 4.0
passageSizeX => 1.0
passageSizeY => 10.0
passageSizeZ => 2.0
pgunP => 20.0
pgunParticle => mu+
pgunX => -30.0
pgunXdir => -1.0
pgunY => 0.0
pgunYdir => 0.01
pgunZ => -6.0
pgunZdir => 0.01
rootPre => mc
runConfig => C0RRR
runNumber => 101
runSeq => 280
trackMuonOnly => true
trackStopZ => -10.0
useParticleGun => false
millis 1740585601697
micros 1740585601697759
t1=174058560   t2=1697759

--------- Ranecu engine status ---------
 Initial seed (index) = 0
 Current couple of seeds = 1697759, 1705893
----------------------------------------

**************************************************************
 Geant4 version Name: geant4-11-02-patch-02 [MT]   (21-June-2024)
                       Copyright : Geant4 Collaboration
                      References : NIM A 506 (2003), 250-303
                                 : IEEE-TNS 53 (2006), 270-278
                                 : NIM A 835 (2016), 186-225
                             WWW : http://geant4.org/
**************************************************************

<<< Geant4 Physics List simulation engine: FTFP_BERT

PrimaryGeneratorMessenger::PrimaryGeneratorMessenger is called...

***** Table : Nb of materials = 25 *****

 Material:   G4_AIR    density:  1.205 mg/cm3  RadL: 303.921 m    Nucl.Int.Length: 710.095 m  
                       Imean:  85.700 eV   temperature: 293.15 K  pressure:   1.00 atm

   --->  Element: C (C)   Z =  6.0   N =    12   A = 12.011 g/mole
         --->  Isotope:   C12   Z =  6   N =  12   A =  12.00 g/mole   abundance: 98.930 %
         --->  Isotope:   C13   Z =  6   N =  13   A =  13.00 g/mole   abundance:  1.070 %
          ElmMassFraction:   0.01 %  ElmAbundance   0.02 % 

   --->  Element: N (N)   Z =  7.0   N =    14   A = 14.007 g/mole
         --->  Isotope:   N14   Z =  7   N =  14   A =  14.00 g/mole   abundance: 99.632 %
         --->  Isotope:   N15   Z =  7   N =  15   A =  15.00 g/mole   abundance:  0.368 %
          ElmMassFraction:  75.53 %  ElmAbundance  78.44 % 

   --->  Element: O (O)   Z =  8.0   N =    16   A = 15.999 g/mole
         --->  Isotope:   O16   Z =  8   N =  16   A =  15.99 g/mole   abundance: 99.757 %
         --->  Isotope:   O17   Z =  8   N =  17   A =  17.00 g/mole   abundance:  0.038 %
         --->  Isotope:   O18   Z =  8   N =  18   A =  18.00 g/mole   abundance:  0.205 %
          ElmMassFraction:  23.18 %  ElmAbundance  21.07 % 

   --->  Element: Ar (Ar)   Z = 18.0   N =    40   A = 39.948 g/mole
         --->  Isotope:  Ar36   Z = 18   N =  36   A =  35.97 g/mole   abundance:  0.337 %
         --->  Isotope:  Ar38   Z = 18   N =  38   A =  37.96 g/mole   abundance:  0.063 %
         --->  Isotope:  Ar40   Z = 18   N =  40   A =  39.96 g/mole   abundance: 99.600 %
          ElmMassFraction:   1.28 %  ElmAbundance   0.47 % 


 Material: liquidArgon    density:  1.390 g/cm3   RadL:  14.064 cm   Nucl.Int.Length:  86.076 cm 
                       Imean: 188.000 eV   temperature: 293.15 K  pressure:   1.00 atm

   --->  Element: Ar (Ar)   Z = 18.0   N =    40   A = 39.948 g/mole
         --->  Isotope:  Ar36   Z = 18   N =  36   A =  35.97 g/mole   abundance:  0.337 %
         --->  Isotope:  Ar38   Z = 18   N =  38   A =  37.96 g/mole   abundance:  0.063 %
         --->  Isotope:  Ar40   Z = 18   N =  40   A =  39.96 g/mole   abundance: 99.600 %
          ElmMassFraction: 100.00 %  ElmAbundance 100.00 % 


 Material:     iron    density:  7.894 g/cm3   RadL:   1.753 cm   Nucl.Int.Length:  16.947 cm 
                       Imean: 286.000 eV   temperature: 293.15 K  pressure:   1.00 atm

   --->  Element: Fe (Fe)   Z = 26.0   N =    56   A = 55.845 g/mole
         --->  Isotope:  Fe54   Z = 26   N =  54   A =  53.94 g/mole   abundance:  5.845 %
         --->  Isotope:  Fe56   Z = 26   N =  56   A =  55.93 g/mole   abundance: 91.754 %
         --->  Isotope:  Fe57   Z = 26   N =  57   A =  56.94 g/mole   abundance:  2.119 %
         --->  Isotope:  Fe58   Z = 26   N =  58   A =  57.93 g/mole   abundance:  0.282 %
          ElmMassFraction: 100.00 %  ElmAbundance 100.00 % 


 Material: tungsten    density: 19.300 g/cm3   RadL:   3.504 mm   Nucl.Int.Length:  10.312 cm 
                       Imean: 727.000 eV   temperature: 293.15 K  pressure:   1.00 atm

   --->  Element: W (W)   Z = 74.0   N =   184   A = 183.842 g/mole
         --->  Isotope:  W180   Z = 74   N = 180   A = 179.95 g/mole   abundance:  0.120 %
         --->  Isotope:  W182   Z = 74   N = 182   A = 181.95 g/mole   abundance: 26.500 %
         --->  Isotope:  W183   Z = 74   N = 183   A = 182.95 g/mole   abundance: 14.310 %
         --->  Isotope:  W184   Z = 74   N = 184   A = 183.95 g/mole   abundance: 30.640 %
         --->  Isotope:  W186   Z = 74   N = 186   A = 185.95 g/mole   abundance: 28.430 %
          ElmMassFraction: 100.00 %  ElmAbundance 100.00 % 


 Material:   copper    density:  8.960 g/cm3   RadL:   1.436 cm   Nucl.Int.Length:  15.588 cm 
                       Imean: 322.000 eV   temperature: 293.15 K  pressure:   1.00 atm

   --->  Element: Cu (Cu)   Z = 29.0   N =    64   A = 63.546 g/mole
         --->  Isotope:  Cu63   Z = 29   N =  63   A =  62.93 g/mole   abundance: 69.170 %
         --->  Isotope:  Cu65   Z = 29   N =  65   A =  64.93 g/mole   abundance: 30.830 %
          ElmMassFraction: 100.00 %  ElmAbundance 100.00 % 


 Material:     lead    density: 11.340 g/cm3   RadL:   5.617 mm   Nucl.Int.Length:  18.264 cm 
                       Imean: 823.000 eV   temperature: 293.15 K  pressure:   1.00 atm

   --->  Element: Pb (Pb)   Z = 82.0   N =   207   A = 207.217 g/mole
         --->  Isotope: Pb204   Z = 82   N = 204   A = 203.97 g/mole   abundance:  1.400 %
         --->  Isotope: Pb206   Z = 82   N = 206   A = 205.97 g/mole   abundance: 24.100 %
         --->  Isotope: Pb207   Z = 82   N = 207   A = 206.98 g/mole   abundance: 22.100 %
         --->  Isotope: Pb208   Z = 82   N = 208   A = 207.98 g/mole   abundance: 52.400 %
          ElmMassFraction: 100.00 %  ElmAbundance 100.00 % 


 Material: Galactic    density:  0.000 mg/cm3  RadL: 204310098.490 pc   Nucl.Int.Length: 113427284.261 pc 
                       Imean:  19.200 eV   temperature:   2.73 K  pressure:   0.00 atm

   --->  Element: H (H)   Z =  1.0   N =     1   A =  1.008 g/mole
         --->  Isotope:    H1   Z =  1   N =   1   A =   1.01 g/mole   abundance: 99.989 %
         --->  Isotope:    H2   Z =  1   N =   2   A =   2.01 g/mole   abundance:  0.011 %
          ElmMassFraction: 100.00 %  ElmAbundance 100.00 % 


 Material: Scintillator    density:  1.032 g/cm3   RadL:  42.549 cm   Nucl.Int.Length:  69.955 cm 
                       Imean:  64.684 eV   temperature: 293.15 K  pressure:   1.00 atm

   --->  Element: Carbon (C)   Z =  6.0   N =    12   A = 12.010 g/mole
         --->  Isotope:   C12   Z =  6   N =  12   A =  12.00 g/mole   abundance: 98.930 %
         --->  Isotope:   C13   Z =  6   N =  13   A =  13.00 g/mole   abundance:  1.070 %
          ElmMassFraction:  91.45 %  ElmAbundance  47.37 % 

   --->  Element: Hydrogen (H)   Z =  1.0   N =     1   A =  1.010 g/mole
         --->  Isotope:    H1   Z =  1   N =   1   A =   1.01 g/mole   abundance: 99.989 %
         --->  Isotope:    H2   Z =  1   N =   2   A =   2.01 g/mole   abundance:  0.011 %
          ElmMassFraction:   8.55 %  ElmAbundance  52.63 % 


 Material:    Water    density:  1.000 g/cm3   RadL:  36.092 cm   Nucl.Int.Length:  75.356 cm 
                       Imean:  68.998 eV   temperature: 293.15 K  pressure:   1.00 atm

   --->  Element: Hydrogen (H)   Z =  1.0   N =     1   A =  1.010 g/mole
         --->  Isotope:    H1   Z =  1   N =   1   A =   1.01 g/mole   abundance: 99.989 %
         --->  Isotope:    H2   Z =  1   N =   2   A =   2.01 g/mole   abundance:  0.011 %
          ElmMassFraction:  11.21 %  ElmAbundance  66.67 % 

   --->  Element: Oxygen (O)   Z =  8.0   N =    16   A = 16.000 g/mole
         --->  Isotope:   O16   Z =  8   N =  16   A =  15.99 g/mole   abundance: 99.757 %
         --->  Isotope:   O17   Z =  8   N =  17   A =  17.00 g/mole   abundance:  0.038 %
         --->  Isotope:   O18   Z =  8   N =  18   A =  18.00 g/mole   abundance:  0.205 %
          ElmMassFraction:  88.79 %  ElmAbundance  33.33 % 


 Material: Limestone    density:  2.600 g/cm3   RadL:   9.240 cm   Nucl.Int.Length:  37.421 cm 
                       Imean: 123.236 eV   temperature: 293.15 K  pressure:   1.00 atm

   --->  Element: Calcium (Ca)   Z = 20.0   N =    40   A = 40.078 g/mole
         --->  Isotope:  Ca40   Z = 20   N =  40   A =  39.96 g/mole   abundance: 96.941 %
         --->  Isotope:  Ca42   Z = 20   N =  42   A =  41.96 g/mole   abundance:  0.647 %
         --->  Isotope:  Ca43   Z = 20   N =  43   A =  42.96 g/mole   abundance:  0.135 %
         --->  Isotope:  Ca44   Z = 20   N =  44   A =  43.96 g/mole   abundance:  2.086 %
         --->  Isotope:  Ca46   Z = 20   N =  46   A =  45.95 g/mole   abundance:  0.004 %
         --->  Isotope:  Ca48   Z = 20   N =  48   A =  47.95 g/mole   abundance:  0.187 %
          ElmMassFraction:  40.04 %  ElmAbundance  20.00 % 

   --->  Element: Carbon (C)   Z =  6.0   N =    12   A = 12.010 g/mole
         --->  Isotope:   C12   Z =  6   N =  12   A =  12.00 g/mole   abundance: 98.930 %
         --->  Isotope:   C13   Z =  6   N =  13   A =  13.00 g/mole   abundance:  1.070 %
          ElmMassFraction:  12.00 %  ElmAbundance  20.00 % 

   --->  Element: Oxygen (O)   Z =  8.0   N =    16   A = 15.999 g/mole
         --->  Isotope:   O16   Z =  8   N =  16   A =  15.99 g/mole   abundance: 99.757 %
         --->  Isotope:   O17   Z =  8   N =  17   A =  17.00 g/mole   abundance:  0.038 %
         --->  Isotope:   O18   Z =  8   N =  18   A =  18.00 g/mole   abundance:  0.205 %
          ElmMassFraction:  47.96 %  ElmAbundance  60.00 % 


 Material:    G4_Fe    density:  7.874 g/cm3   RadL:   1.757 cm   Nucl.Int.Length:  16.990 cm 
                       Imean: 286.000 eV   temperature: 293.15 K  pressure:   1.00 atm

   --->  Element: Fe (Fe)   Z = 26.0   N =    56   A = 55.845 g/mole
         --->  Isotope:  Fe54   Z = 26   N =  54   A =  53.94 g/mole   abundance:  5.845 %
         --->  Isotope:  Fe56   Z = 26   N =  56   A =  55.93 g/mole   abundance: 91.754 %
         --->  Isotope:  Fe57   Z = 26   N =  57   A =  56.94 g/mole   abundance:  2.119 %
         --->  Isotope:  Fe58   Z = 26   N =  58   A =  57.93 g/mole   abundance:  0.282 %
          ElmMassFraction: 100.00 %  ElmAbundance 100.00 % 


 Material:    G4_Pb    density: 11.350 g/cm3   RadL:   5.613 mm   Nucl.Int.Length:  18.248 cm 
                       Imean: 823.000 eV   temperature: 293.15 K  pressure:   1.00 atm

   --->  Element: Pb (Pb)   Z = 82.0   N =   207   A = 207.217 g/mole
         --->  Isotope: Pb204   Z = 82   N = 204   A = 203.97 g/mole   abundance:  1.400 %
         --->  Isotope: Pb206   Z = 82   N = 206   A = 205.97 g/mole   abundance: 24.100 %
         --->  Isotope: Pb207   Z = 82   N = 207   A = 206.98 g/mole   abundance: 22.100 %
         --->  Isotope: Pb208   Z = 82   N = 208   A = 207.98 g/mole   abundance: 52.400 %
          ElmMassFraction: 100.00 %  ElmAbundance 100.00 % 


 Material: G4_PLASTIC_SC_VINYLTOLUENE    density:  1.032 g/cm3   RadL:  42.544 cm   Nucl.Int.Length:  69.969 cm 
                       Imean:  64.700 eV   temperature: 293.15 K  pressure:   1.00 atm

   --->  Element: C (C)   Z =  6.0   N =    12   A = 12.011 g/mole
         --->  Isotope:   C12   Z =  6   N =  12   A =  12.00 g/mole   abundance: 98.930 %
         --->  Isotope:   C13   Z =  6   N =  13   A =  13.00 g/mole   abundance:  1.070 %
          ElmMassFraction:  91.47 %  ElmAbundance  47.37 % 

   --->  Element: H (H)   Z =  1.0   N =     1   A =  1.008 g/mole
         --->  Isotope:    H1   Z =  1   N =   1   A =   1.01 g/mole   abundance: 99.989 %
         --->  Isotope:    H2   Z =  1   N =   2   A =   2.01 g/mole   abundance:  0.011 %
          ElmMassFraction:   8.53 %  ElmAbundance  52.63 % 


 Material:     G4_H    density:  0.084 mg/cm3  RadL:   7.528 km   Nucl.Int.Length:   4.179 km 
                       Imean:  19.200 eV   temperature: 293.15 K  pressure:   1.00 atm

   --->  Element: H (H)   Z =  1.0   N =     1   A =  1.008 g/mole
         --->  Isotope:    H1   Z =  1   N =   1   A =   1.01 g/mole   abundance: 99.989 %
         --->  Isotope:    H2   Z =  1   N =   2   A =   2.01 g/mole   abundance:  0.011 %
          ElmMassFraction: 100.00 %  ElmAbundance 100.00 % 


 Material:     G4_C    density:  2.000 g/cm3   RadL:  21.349 cm   Nucl.Int.Length:  40.077 cm 
                       Imean:  81.000 eV   temperature: 293.15 K  pressure:   1.00 atm

   --->  Element: C (C)   Z =  6.0   N =    12   A = 12.011 g/mole
         --->  Isotope:   C12   Z =  6   N =  12   A =  12.00 g/mole   abundance: 98.930 %
         --->  Isotope:   C13   Z =  6   N =  13   A =  13.00 g/mole   abundance:  1.070 %
          ElmMassFraction: 100.00 %  ElmAbundance 100.00 % 


 Material:     G4_O    density:  1.332 mg/cm3  RadL: 257.138 m    Nucl.Int.Length: 662.356 m  
                       Imean:  95.000 eV   temperature: 293.15 K  pressure:   1.00 atm

   --->  Element: O (O)   Z =  8.0   N =    16   A = 15.999 g/mole
         --->  Isotope:   O16   Z =  8   N =  16   A =  15.99 g/mole   abundance: 99.757 %
         --->  Isotope:   O17   Z =  8   N =  17   A =  17.00 g/mole   abundance:  0.038 %
         --->  Isotope:   O18   Z =  8   N =  18   A =  18.00 g/mole   abundance:  0.205 %
          ElmMassFraction: 100.00 %  ElmAbundance 100.00 % 


 Material:    G4_Al    density:  2.699 g/cm3   RadL:   8.896 cm   Nucl.Int.Length:  38.894 cm 
                       Imean: 166.000 eV   temperature: 293.15 K  pressure:   1.00 atm

   --->  Element: Al (Al)   Z = 13.0   N =    27   A = 26.982 g/mole
         --->  Isotope:  Al27   Z = 13   N =  27   A =  26.98 g/mole   abundance: 100.000 %
          ElmMassFraction: 100.00 %  ElmAbundance 100.00 % 


 Material:    G4_Si    density:  2.330 g/cm3   RadL:   9.366 cm   Nucl.Int.Length:  45.660 cm 
                       Imean: 173.000 eV   temperature: 293.15 K  pressure:   1.00 atm

   --->  Element: Si (Si)   Z = 14.0   N =    28   A = 28.085 g/mole
         --->  Isotope:  Si28   Z = 14   N =  28   A =  27.98 g/mole   abundance: 92.230 %
         --->  Isotope:  Si29   Z = 14   N =  29   A =  28.98 g/mole   abundance:  4.683 %
         --->  Isotope:  Si30   Z = 14   N =  30   A =  29.97 g/mole   abundance:  3.087 %
          ElmMassFraction: 100.00 %  ElmAbundance 100.00 % 


 Material:     G4_K    density: 862.000 mg/cm3  RadL:  20.087 cm   Nucl.Int.Length:   1.378 m  
                       Imean: 190.000 eV   temperature: 293.15 K  pressure:   1.00 atm

   --->  Element: K (K)   Z = 19.0   N =    39   A = 39.098 g/mole
         --->  Isotope:   K39   Z = 19   N =  39   A =  38.96 g/mole   abundance: 93.258 %
         --->  Isotope:   K40   Z = 19   N =  40   A =  39.96 g/mole   abundance:  0.012 %
         --->  Isotope:   K41   Z = 19   N =  41   A =  40.96 g/mole   abundance:  6.730 %
          ElmMassFraction: 100.00 %  ElmAbundance 100.00 % 


 Material:    G4_Ca    density:  1.550 g/cm3   RadL:  10.415 cm   Nucl.Int.Length:  77.275 cm 
                       Imean: 191.000 eV   temperature: 293.15 K  pressure:   1.00 atm

   --->  Element: Ca (Ca)   Z = 20.0   N =    40   A = 40.078 g/mole
         --->  Isotope:  Ca40   Z = 20   N =  40   A =  39.96 g/mole   abundance: 96.941 %
         --->  Isotope:  Ca42   Z = 20   N =  42   A =  41.96 g/mole   abundance:  0.647 %
         --->  Isotope:  Ca43   Z = 20   N =  43   A =  42.96 g/mole   abundance:  0.135 %
         --->  Isotope:  Ca44   Z = 20   N =  44   A =  43.96 g/mole   abundance:  2.086 %
         --->  Isotope:  Ca46   Z = 20   N =  46   A =  45.95 g/mole   abundance:  0.004 %
         --->  Isotope:  Ca48   Z = 20   N =  48   A =  47.95 g/mole   abundance:  0.187 %
          ElmMassFraction: 100.00 %  ElmAbundance 100.00 % 


 Material:    G4_Na    density: 971.000 mg/cm3  RadL:  28.565 cm   Nucl.Int.Length:   1.025 m  
                       Imean: 149.000 eV   temperature: 293.15 K  pressure:   1.00 atm

   --->  Element: Na (Na)   Z = 11.0   N =    23   A = 22.990 g/mole
         --->  Isotope:  Na23   Z = 11   N =  23   A =  22.99 g/mole   abundance: 100.000 %
          ElmMassFraction: 100.00 %  ElmAbundance 100.00 % 


 Material:    G4_Mg    density:  1.740 g/cm3   RadL:  14.386 cm   Nucl.Int.Length:  58.266 cm 
                       Imean: 156.000 eV   temperature: 293.15 K  pressure:   1.00 atm

   --->  Element: Mg (Mg)   Z = 12.0   N =    24   A = 24.305 g/mole
         --->  Isotope:  Mg24   Z = 12   N =  24   A =  23.99 g/mole   abundance: 78.990 %
         --->  Isotope:  Mg25   Z = 12   N =  25   A =  24.99 g/mole   abundance: 10.000 %
         --->  Isotope:  Mg26   Z = 12   N =  26   A =  25.98 g/mole   abundance: 11.010 %
          ElmMassFraction: 100.00 %  ElmAbundance 100.00 % 


 Material:    G4_Sc    density:  2.989 g/cm3   RadL:   5.535 cm   Nucl.Int.Length:  41.636 cm 
                       Imean: 216.000 eV   temperature: 293.15 K  pressure:   1.00 atm

   --->  Element: Sc (Sc)   Z = 21.0   N =    45   A = 44.956 g/mole
         --->  Isotope:  Sc45   Z = 21   N =  45   A =  44.96 g/mole   abundance: 100.000 %
          ElmMassFraction: 100.00 %  ElmAbundance 100.00 % 


 Material:    Rock1    density:  2.680 g/cm3   RadL:   9.489 cm   Nucl.Int.Length:  36.550 cm 
                       Imean: 132.009 eV   temperature: 293.15 K  pressure:   1.00 atm

   --->  Element: Oxygen (O)   Z =  8.0   N =    16   A = 16.000 g/mole
         --->  Isotope:   O16   Z =  8   N =  16   A =  15.99 g/mole   abundance: 99.757 %
         --->  Isotope:   O17   Z =  8   N =  17   A =  17.00 g/mole   abundance:  0.038 %
         --->  Isotope:   O18   Z =  8   N =  18   A =  18.00 g/mole   abundance:  0.205 %
          ElmMassFraction:  48.01 %  ElmAbundance  63.25 % 

   --->  Element: Silicon (Si)   Z = 14.0   N =    28   A = 28.085 g/mole
         --->  Isotope:  Si28   Z = 14   N =  28   A =  27.98 g/mole   abundance: 92.230 %
         --->  Isotope:  Si29   Z = 14   N =  29   A =  28.98 g/mole   abundance:  4.683 %
         --->  Isotope:  Si30   Z = 14   N =  30   A =  29.97 g/mole   abundance:  3.087 %
          ElmMassFraction:  27.72 %  ElmAbundance  20.80 % 

   --->  Element: Aluminium (Al)   Z = 13.0   N =    27   A = 26.982 g/mole
         --->  Isotope:  Al27   Z = 13   N =  27   A =  26.98 g/mole   abundance: 100.000 %
          ElmMassFraction:   8.13 %  ElmAbundance   6.35 % 

   --->  Element: Iron (Fe)   Z = 26.0   N =    56   A = 55.845 g/mole
         --->  Isotope:  Fe54   Z = 26   N =  54   A =  53.94 g/mole   abundance:  5.845 %
         --->  Isotope:  Fe56   Z = 26   N =  56   A =  55.93 g/mole   abundance: 91.754 %
         --->  Isotope:  Fe57   Z = 26   N =  57   A =  56.94 g/mole   abundance:  2.119 %
         --->  Isotope:  Fe58   Z = 26   N =  58   A =  57.93 g/mole   abundance:  0.282 %
          ElmMassFraction:   5.00 %  ElmAbundance   1.89 % 

   --->  Element: Calcium (Ca)   Z = 20.0   N =    40   A = 40.078 g/mole
         --->  Isotope:  Ca40   Z = 20   N =  40   A =  39.96 g/mole   abundance: 96.941 %
         --->  Isotope:  Ca42   Z = 20   N =  42   A =  41.96 g/mole   abundance:  0.647 %
         --->  Isotope:  Ca43   Z = 20   N =  43   A =  42.96 g/mole   abundance:  0.135 %
         --->  Isotope:  Ca44   Z = 20   N =  44   A =  43.96 g/mole   abundance:  2.086 %
         --->  Isotope:  Ca46   Z = 20   N =  46   A =  45.95 g/mole   abundance:  0.004 %
         --->  Isotope:  Ca48   Z = 20   N =  48   A =  47.95 g/mole   abundance:  0.187 %
          ElmMassFraction:   3.63 %  ElmAbundance   1.91 % 

   --->  Element: Sodium (Na)   Z = 11.0   N =    23   A = 22.990 g/mole
         --->  Isotope:  Na23   Z = 11   N =  23   A =  22.99 g/mole   abundance: 100.000 %
          ElmMassFraction:   2.83 %  ElmAbundance   2.59 % 

   --->  Element: Potasium (K)   Z = 19.0   N =    39   A = 39.098 g/mole
         --->  Isotope:   K39   Z = 19   N =  39   A =  38.96 g/mole   abundance: 93.258 %
         --->  Isotope:   K40   Z = 19   N =  40   A =  39.96 g/mole   abundance:  0.012 %
         --->  Isotope:   K41   Z = 19   N =  41   A =  40.96 g/mole   abundance:  6.730 %
          ElmMassFraction:   2.59 %  ElmAbundance   1.40 % 

   --->  Element: Magnesium (Mg)   Z = 12.0   N =    24   A = 24.305 g/mole
         --->  Isotope:  Mg24   Z = 12   N =  24   A =  23.99 g/mole   abundance: 78.990 %
         --->  Isotope:  Mg25   Z = 12   N =  25   A =  24.99 g/mole   abundance: 10.000 %
         --->  Isotope:  Mg26   Z = 12   N =  26   A =  25.98 g/mole   abundance: 11.010 %
          ElmMassFraction:   2.09 %  ElmAbundance   1.81 % 


 Material:    Rock2    density:  2.412 g/cm3   RadL:  10.543 cm   Nucl.Int.Length:  40.611 cm 
                       Imean: 132.009 eV   temperature: 293.15 K  pressure:   1.00 atm

   --->  Element: Oxygen (O)   Z =  8.0   N =    16   A = 16.000 g/mole
         --->  Isotope:   O16   Z =  8   N =  16   A =  15.99 g/mole   abundance: 99.757 %
         --->  Isotope:   O17   Z =  8   N =  17   A =  17.00 g/mole   abundance:  0.038 %
         --->  Isotope:   O18   Z =  8   N =  18   A =  18.00 g/mole   abundance:  0.205 %
          ElmMassFraction:  48.01 %  ElmAbundance  63.25 % 

   --->  Element: Silicon (Si)   Z = 14.0   N =    28   A = 28.085 g/mole
         --->  Isotope:  Si28   Z = 14   N =  28   A =  27.98 g/mole   abundance: 92.230 %
         --->  Isotope:  Si29   Z = 14   N =  29   A =  28.98 g/mole   abundance:  4.683 %
         --->  Isotope:  Si30   Z = 14   N =  30   A =  29.97 g/mole   abundance:  3.087 %
          ElmMassFraction:  27.72 %  ElmAbundance  20.80 % 

   --->  Element: Aluminium (Al)   Z = 13.0   N =    27   A = 26.982 g/mole
         --->  Isotope:  Al27   Z = 13   N =  27   A =  26.98 g/mole   abundance: 100.000 %
          ElmMassFraction:   8.13 %  ElmAbundance   6.35 % 

   --->  Element: Iron (Fe)   Z = 26.0   N =    56   A = 55.845 g/mole
         --->  Isotope:  Fe54   Z = 26   N =  54   A =  53.94 g/mole   abundance:  5.845 %
         --->  Isotope:  Fe56   Z = 26   N =  56   A =  55.93 g/mole   abundance: 91.754 %
         --->  Isotope:  Fe57   Z = 26   N =  57   A =  56.94 g/mole   abundance:  2.119 %
         --->  Isotope:  Fe58   Z = 26   N =  58   A =  57.93 g/mole   abundance:  0.282 %
          ElmMassFraction:   5.00 %  ElmAbundance   1.89 % 

   --->  Element: Calcium (Ca)   Z = 20.0   N =    40   A = 40.078 g/mole
         --->  Isotope:  Ca40   Z = 20   N =  40   A =  39.96 g/mole   abundance: 96.941 %
         --->  Isotope:  Ca42   Z = 20   N =  42   A =  41.96 g/mole   abundance:  0.647 %
         --->  Isotope:  Ca43   Z = 20   N =  43   A =  42.96 g/mole   abundance:  0.135 %
         --->  Isotope:  Ca44   Z = 20   N =  44   A =  43.96 g/mole   abundance:  2.086 %
         --->  Isotope:  Ca46   Z = 20   N =  46   A =  45.95 g/mole   abundance:  0.004 %
         --->  Isotope:  Ca48   Z = 20   N =  48   A =  47.95 g/mole   abundance:  0.187 %
          ElmMassFraction:   3.63 %  ElmAbundance   1.91 % 

   --->  Element: Sodium (Na)   Z = 11.0   N =    23   A = 22.990 g/mole
         --->  Isotope:  Na23   Z = 11   N =  23   A =  22.99 g/mole   abundance: 100.000 %
          ElmMassFraction:   2.83 %  ElmAbundance   2.59 % 

   --->  Element: Potasium (K)   Z = 19.0   N =    39   A = 39.098 g/mole
         --->  Isotope:   K39   Z = 19   N =  39   A =  38.96 g/mole   abundance: 93.258 %
         --->  Isotope:   K40   Z = 19   N =  40   A =  39.96 g/mole   abundance:  0.012 %
         --->  Isotope:   K41   Z = 19   N =  41   A =  40.96 g/mole   abundance:  6.730 %
          ElmMassFraction:   2.59 %  ElmAbundance   1.40 % 

   --->  Element: Magnesium (Mg)   Z = 12.0   N =    24   A = 24.305 g/mole
         --->  Isotope:  Mg24   Z = 12   N =  24   A =  23.99 g/mole   abundance: 78.990 %
         --->  Isotope:  Mg25   Z = 12   N =  25   A =  24.99 g/mole   abundance: 10.000 %
         --->  Isotope:  Mg26   Z = 12   N =  26   A =  25.98 g/mole   abundance: 11.010 %
          ElmMassFraction:   2.09 %  ElmAbundance   1.81 % 




-------- WWWW ------- G4Exception-START -------- WWWW -------
*** G4Exception : GeomSolids1001
      issued by : G4TessellatedSolid::SetSolidClosed()
Defects in solid: terrain_no_mound_v1 - there are holes in the surface!
*** This is just a warning message. ***
-------- WWWW -------- G4Exception-END --------- WWWW -------

Checking overlaps for volume Terrain:0 (G4TessellatedSolid) ... OK! 
Checking overlaps for volume Mound:0 (G4TessellatedSolid) ... OK! 
Camera position from mac file: camera1Zpos=500
B4DetectorConstruction:  c1y=-35000   c1z=-3800  cameraSizeZ=600
B4DetectorConstruction:  yyycam1=-34600   zzzcam1=-3300
B4DetectorConstruction:  cameraSize X 2000  y 1000  Z 600
Checking overlaps for volume Camera:1 (G4Box) ... OK! 
Checking overlaps for volume RefPlane:0 (G4Box) ... OK! 
Checking overlaps for volume Tray:0 (G4Box) ... OK! 
Checking overlaps for volume Tray:1 (G4Box) ... OK! 
Checking overlaps for volume Chamber:0 (G4Box) ... OK! 

 hInelastic FTFP_BERT : threshold between BERT and FTFP is over the interval 
 for pions :   3 to 6 GeV
 for kaons :   3 to 6 GeV
 for proton :  3 to 6 GeV
 for neutron : 3 to 6 GeV

### Adding tracking cuts for neutron  TimeCut(ns)= 10000  KinEnergyCut(MeV)= 0
Visualization Manager instantiating with verbosity "warnings (3)"...
Visualization Manager initialising...
Registering graphics systems...

You have successfully registered the following graphics systems.
Registered graphics systems are:
  ASCIITree (ATree)
  DAWNFILE (DAWNFILE)
  G4HepRepFile (HepRepFile)
  RayTracer (RayTracer)
  VRML2FILE (VRML2FILE)
  gMocrenFile (gMocrenFile)
  TOOLSSG_OFFSCREEN (TSG_OFFSCREEN)
  TOOLSSG_OFFSCREEN (TSG_OFFSCREEN, TSG_FILE, TSG)
Default graphics system is: TSG_OFFSCREEN (based on batch session).
Default window size hint is: 600x600-0+0 (based on G4VisManager initialisation).
Note: Parameters specified on the command line will override these defaults.
      Use "vis/open" without parameters to get these defaults.

Registering model factories...

You have successfully registered the following model factories.
Registered model factories:
  generic
  drawByAttribute
  drawByCharge
  drawByOriginVolume
  drawByParticleID
  drawByEncounteredVolume

Registered models:
  None

Registered filter factories:
  attributeFilter
  chargeFilter
  originVolumeFilter
  particleFilter
  encounteredVolumeFilter

Registered filters:
  None

You have successfully registered the following user vis actions.
Run Duration User Vis Actions: none
End of Event User Vis Actions: none
End of Run User Vis Actions: none

Some /vis commands (optionally) take a string to specify colour.
"/vis/list" to see available colours.
sk-debug:  batch mode
  newValue (begin): returnMuons 1
  CRY Input Action (sk)...
  newValue: returnMuons 1
  newValue (begin): returnNeutrons 0
  CRY Input Action (sk)...
  newValue: returnNeutrons 0
  newValue (begin): returnProtons 0
  CRY Input Action (sk)...
  newValue: returnProtons 0
  newValue (begin): returnGammas 0
  CRY Input Action (sk)...
  newValue: returnGammas 0
  newValue (begin): returnPions 0
  CRY Input Action (sk)...
  newValue: returnPions 0
  newValue (begin): returnKaons 0
  CRY Input Action (sk)...
  newValue: returnKaons 0
  newValue (begin): date 9-02-2016
  CRY Input Action (sk)...
  newValue: date 9-02-2016
  newValue (begin): latitude 33.6
  CRY Input Action (sk)...
  newValue: latitude 33.6
  newValue (begin): altitude 0
  CRY Input Action (sk)...
  newValue: altitude 0
  newValue (begin): subboxLength 3
  CRY Input Action (sk)...
  newValue: subboxLength 3
  newValue (begin): 
  CRY  Update Action (sk)...
CRY::PrimaryGenratorAction(Update)  dataDIR=../data
 beam X, Y, Z shift: 0  -35  -3.8  
G4CRY momentum cut:  2000 MeV.
PrimaryGeneratorAction::UpdateCRY:   CRYSetup...
CRYSetup::CRYSetup begins,  configData=returnMuons 1 returnNeutrons 0 returnProtons 0 returnGammas 0 returnPions 0 returnKaons 0 date 9-02-2016 latitude 33.6 altitude 0 subboxLength 3 
     dataDir=../data
CRY::CRYSetup: Setting returnMuons to 1
CRY::CRYSetup: Setting returnNeutrons to 0
CRY::CRYSetup: Setting returnProtons to 0
CRY::CRYSetup: Setting returnGammas to 0
CRY::CRYSetup: Setting returnPions to 0
CRY::CRYSetup: Setting returnKaons to 0
CRY::CRYSetup: Setting date to 9-02-2016 (month-day-year)
CRY::CRYSetup: Setting latitude to 33.6
CRY::CRYSetup: Setting altitude to 0
CRY::CRYSetup: Setting subboxLength to 3
CRYGenerator::CRYGenerator: 
     _thetaMin 0      _thetaMax 0.436319
     _phiMin 1.39622      _phiMax 1.74528
     _kinMin 2000
   wMin2 -0.422607  wMax2 1.22465e-16  phiMin2 4.53781  phiMax2 4.88687
   timeScalingDueToPhiCut 2.19318
CRY::CRYGenerator:  _boxSize=3
=======================================================================
======                 Electromagnetic Physics Parameters      ========
=======================================================================
LPM effect enabled                                 1
Enable creation and use of sampling tables         0
Apply cuts on all EM processes                     0
Use combined TransportationWithMsc                 Disabled
Use general process                                1
Enable linear polarisation for gamma               0
Enable photoeffect sampling below K-shell          1
Enable sampling of quantum entanglement            0
X-section factor for integral approach             0.8
Min kinetic energy for tables                      100 eV 
Max kinetic energy for tables                      100 TeV
Number of bins per decade of a table               7
Verbose level                                      1
Verbose level for worker thread                    0
Bremsstrahlung energy threshold above which 
  primary e+- is added to the list of secondary    100 TeV
Bremsstrahlung energy threshold above which primary
  muon/hadron is added to the list of secondary    100 TeV
Lowest triplet kinetic energy                      1 MeV
Enable sampling of gamma linear polarisation       0
5D gamma conversion model type                     0
5D gamma conversion model on isolated ion          0
Livermore data directory                           epics_2017
=======================================================================
======                 Ionisation Parameters                   ========
=======================================================================
Step function for e+-                              (0.2, 1 mm)
Step function for muons/hadrons                    (0.2, 0.1 mm)
Step function for light ions                       (0.2, 0.1 mm)
Step function for general ions                     (0.2, 0.1 mm)
Lowest e+e- kinetic energy                         1 keV
Lowest muon/hadron kinetic energy                  1 keV
Use ICRU90 data                                    0
Fluctuations of dE/dx are enabled                  1
Type of fluctuation model for leptons and hadrons  Urban
Use built-in Birks satuaration                     0
Build CSDA range enabled                           0
Use cut as a final range enabled                   0
Enable angular generator interface                 0
Max kinetic energy for CSDA tables                 1 GeV
Max kinetic energy for NIEL computation            0 eV 
Linear loss limit                                  0.01
Read data from file for e+e- pair production by mu 0
=======================================================================
======                 Multiple Scattering Parameters          ========
=======================================================================
Type of msc step limit algorithm for e+-           1
Type of msc step limit algorithm for muons/hadrons 0
Msc lateral displacement for e+- enabled           1
Msc lateral displacement for muons and hadrons     0
Urban msc model lateral displacement alg96         1
Range factor for msc step limit for e+-            0.04
Range factor for msc step limit for muons/hadrons  0.2
Geometry factor for msc step limitation of e+-     2.5
Safety factor for msc step limit for e+-           0.6
Skin parameter for msc step limitation of e+-      1
Lambda limit for msc step limit for e+-            1 mm
Use Mott correction for e- scattering              0
Factor used for dynamic computation of angular 
  limit between single and multiple scattering     1
Fixed angular limit between single 
  and multiple scattering                          3.1416 rad
Upper energy limit for e+- multiple scattering     100 MeV
Type of electron single scattering model           0
Type of nuclear form-factor                        1
Screening factor                                   1
=======================================================================

phot:  for gamma SubType=12 BuildTable=0
      LambdaPrime table from 200 keV to 100 TeV in 61 bins 
      ===== EM models for the G4Region  DefaultRegionForTheWorld ======
 LivermorePhElectric : Emin=    0 eV  Emax=  100 TeV  SauterGavrila Fluo

compt:  for gamma SubType=13 BuildTable=1
      Lambda table from 100 eV  to 1 MeV, 7 bins/decade, spline: 1
      LambdaPrime table from 1 MeV to 100 TeV in 56 bins 
      ===== EM models for the G4Region  DefaultRegionForTheWorld ======
       Klein-Nishina : Emin=    0 eV  Emax=  100 TeV

conv:  for gamma SubType=14 BuildTable=1
      Lambda table from 1.022 MeV to 100 TeV, 18 bins/decade, spline: 1
      ===== EM models for the G4Region  DefaultRegionForTheWorld ======
     BetheHeitlerLPM : Emin=    0 eV  Emax=  100 TeV  ModifiedTsai

Rayl:  for gamma SubType=11 BuildTable=1
      Lambda table from 100 eV  to 150 keV, 7 bins/decade, spline: 0
      LambdaPrime table from 150 keV to 100 TeV in 62 bins 
      ===== EM models for the G4Region  DefaultRegionForTheWorld ======
   LivermoreRayleigh : Emin=    0 eV  Emax=  100 TeV  CullenGenerator

msc:  for e-  SubType= 10
      ===== EM models for the G4Region  DefaultRegionForTheWorld ======
            UrbanMsc : Emin=    0 eV  Emax=  100 MeV Nbins=42 100 eV  - 100 MeV
          StepLim=UseSafety Rfact=0.04 Gfact=2.5 Sfact=0.6 DispFlag:1 Skin=1 Llim=1 mm
        WentzelVIUni : Emin=  100 MeV Emax=  100 TeV Nbins=42 100 MeV - 100 TeV
          StepLim=UseSafety Rfact=0.04 Gfact=2.5 Sfact=0.6 DispFlag:1 Skin=1 Llim=1 mm

eIoni:  for e-  XStype:3  SubType=2
      dE/dx and range tables from 100 eV  to 100 TeV in 84 bins
      Lambda tables from threshold to 100 TeV, 7 bins/decade, spline: 1
      StepFunction=(0.2, 1 mm), integ: 3, fluct: 1, linLossLim= 0.01
      ===== EM models for the G4Region  DefaultRegionForTheWorld ======
        MollerBhabha : Emin=    0 eV  Emax=  100 TeV

eBrem:  for e-  XStype:4  SubType=3
      dE/dx and range tables from 100 eV  to 100 TeV in 84 bins
      Lambda tables from threshold to 100 TeV, 7 bins/decade, spline: 1
      LPM flag: 1 for E > 1 GeV,  VertexHighEnergyTh(GeV)= 100000
      ===== EM models for the G4Region  DefaultRegionForTheWorld ======
             eBremSB : Emin=    0 eV  Emax=    1 GeV  ModifiedTsai
            eBremLPM : Emin=    1 GeV Emax=  100 TeV  ModifiedTsai

CoulombScat:  for e- XStype:1 SubType=1 BuildTable=1
      Lambda table from 100 MeV to 100 TeV, 7 bins/decade, spline: 0
      ThetaMin(p) < Theta(degree) < 180, pLimit(GeV^1)= 0.139531
      ===== EM models for the G4Region  DefaultRegionForTheWorld ======
  eCoulombScattering : Emin=  100 MeV Emax=  100 TeV

msc:  for e+  SubType= 10
      ===== EM models for the G4Region  DefaultRegionForTheWorld ======
            UrbanMsc : Emin=    0 eV  Emax=  100 MeV Nbins=42 100 eV  - 100 MeV
          StepLim=UseSafety Rfact=0.04 Gfact=2.5 Sfact=0.6 DispFlag:1 Skin=1 Llim=1 mm
        WentzelVIUni : Emin=  100 MeV Emax=  100 TeV Nbins=42 100 MeV - 100 TeV
          StepLim=UseSafety Rfact=0.04 Gfact=2.5 Sfact=0.6 DispFlag:1 Skin=1 Llim=1 mm

eIoni:  for e+  XStype:3  SubType=2
      dE/dx and range tables from 100 eV  to 100 TeV in 84 bins
      Lambda tables from threshold to 100 TeV, 7 bins/decade, spline: 1
      StepFunction=(0.2, 1 mm), integ: 3, fluct: 1, linLossLim= 0.01
      ===== EM models for the G4Region  DefaultRegionForTheWorld ======
        MollerBhabha : Emin=    0 eV  Emax=  100 TeV

eBrem:  for e+  XStype:4  SubType=3
      dE/dx and range tables from 100 eV  to 100 TeV in 84 bins
      Lambda tables from threshold to 100 TeV, 7 bins/decade, spline: 1
      LPM flag: 1 for E > 1 GeV,  VertexHighEnergyTh(GeV)= 100000
      ===== EM models for the G4Region  DefaultRegionForTheWorld ======
             eBremSB : Emin=    0 eV  Emax=    1 GeV  ModifiedTsai
            eBremLPM : Emin=    1 GeV Emax=  100 TeV  ModifiedTsai

annihil:  for e+ XStype:2 SubType=5 BuildTable=0
      ===== EM models for the G4Region  DefaultRegionForTheWorld ======
            eplus2gg : Emin=    0 eV  Emax=  100 TeV

CoulombScat:  for e+ XStype:1 SubType=1 BuildTable=1
      Lambda table from 100 MeV to 100 TeV, 7 bins/decade, spline: 0
      ThetaMin(p) < Theta(degree) < 180, pLimit(GeV^1)= 0.139531
      ===== EM models for the G4Region  DefaultRegionForTheWorld ======
  eCoulombScattering : Emin=  100 MeV Emax=  100 TeV

msc:  for proton  SubType= 10
      ===== EM models for the G4Region  DefaultRegionForTheWorld ======
        WentzelVIUni : Emin=    0 eV  Emax=  100 TeV Nbins=84 100 eV  - 100 TeV
          StepLim=Minimal Rfact=0.2 Gfact=2.5 Sfact=0.6 DispFlag:0 Skin=1 Llim=1 mm

hIoni:  for proton  XStype:3  SubType=2
      dE/dx and range tables from 100 eV  to 100 TeV in 84 bins
      Lambda tables from threshold to 100 TeV, 7 bins/decade, spline: 1
      StepFunction=(0.2, 0.1 mm), integ: 3, fluct: 1, linLossLim= 0.01
      ===== EM models for the G4Region  DefaultRegionForTheWorld ======
               Bragg : Emin=    0 eV  Emax=    2 MeV
          BetheBloch : Emin=    2 MeV Emax=  100 TeV

hBrems:  for proton  XStype:1  SubType=3
      dE/dx and range tables from 100 eV  to 100 TeV in 84 bins
      Lambda tables from threshold to 100 TeV, 7 bins/decade, spline: 1
      ===== EM models for the G4Region  DefaultRegionForTheWorld ======
               hBrem : Emin=    0 eV  Emax=  100 TeV  ModifiedMephi

hPairProd:  for proton  XStype:1  SubType=4
      dE/dx and range tables from 100 eV  to 100 TeV in 84 bins
      Lambda tables from threshold to 100 TeV, 7 bins/decade, spline: 1
      Sampling table 17x1001; from 7.50618 GeV to 100 TeV 
      ===== EM models for the G4Region  DefaultRegionForTheWorld ======
           hPairProd : Emin=    0 eV  Emax=  100 TeV  ModifiedMephi

CoulombScat:  for proton XStype:1 SubType=1 BuildTable=1
      Lambda table from threshold  to 100 TeV, 7 bins/decade, spline: 0
      ThetaMin(p) < Theta(degree) < 180, pLimit(GeV^1)= 0.139531
      ===== EM models for the G4Region  DefaultRegionForTheWorld ======
  eCoulombScattering : Emin=    0 eV  Emax=  100 TeV

msc:  for GenericIon  SubType= 10
      ===== EM models for the G4Region  DefaultRegionForTheWorld ======
            UrbanMsc : Emin=    0 eV  Emax=  100 TeV
          StepLim=Minimal Rfact=0.2 Gfact=2.5 Sfact=0.6 DispFlag:0 Skin=1 Llim=1 mm

ionIoni:  for GenericIon  XStype:3  SubType=2
      dE/dx and range tables from 100 eV  to 100 TeV in 84 bins
      Lambda tables from threshold to 100 TeV, 7 bins/decade, spline: 1
      StepFunction=(0.2, 0.1 mm), integ: 3, fluct: 1, linLossLim= 0.02
      ===== EM models for the G4Region  DefaultRegionForTheWorld ======
            BraggIon : Emin=    0 eV  Emax=    2 MeV
          BetheBloch : Emin=    2 MeV Emax=  100 TeV

msc:  for alpha  SubType= 10
      ===== EM models for the G4Region  DefaultRegionForTheWorld ======
            UrbanMsc : Emin=    0 eV  Emax=  100 TeV
          StepLim=Minimal Rfact=0.2 Gfact=2.5 Sfact=0.6 DispFlag:0 Skin=1 Llim=1 mm

ionIoni:  for alpha  XStype:3  SubType=2
      dE/dx and range tables from 100 eV  to 100 TeV in 84 bins
      Lambda tables from threshold to 100 TeV, 7 bins/decade, spline: 1
      StepFunction=(0.2, 0.1 mm), integ: 3, fluct: 1, linLossLim= 0.02
      ===== EM models for the G4Region  DefaultRegionForTheWorld ======
            BraggIon : Emin=    0 eV  Emax=7.9452 MeV
          BetheBloch : Emin=7.9452 MeV Emax=  100 TeV

msc:  for anti_proton  SubType= 10
      ===== EM models for the G4Region  DefaultRegionForTheWorld ======
        WentzelVIUni : Emin=    0 eV  Emax=  100 TeV Nbins=84 100 eV  - 100 TeV
          StepLim=Minimal Rfact=0.2 Gfact=2.5 Sfact=0.6 DispFlag:0 Skin=1 Llim=1 mm

hIoni:  for anti_proton  XStype:3  SubType=2
      dE/dx and range tables from 100 eV  to 100 TeV in 84 bins
      Lambda tables from threshold to 100 TeV, 7 bins/decade, spline: 1
      StepFunction=(0.2, 0.1 mm), integ: 3, fluct: 1, linLossLim= 0.01
      ===== EM models for the G4Region  DefaultRegionForTheWorld ======
            ICRU73QO : Emin=    0 eV  Emax=    2 MeV
          BetheBloch : Emin=    2 MeV Emax=  100 TeV

hBrems:  for anti_proton  XStype:1  SubType=3
      dE/dx and range tables from 100 eV  to 100 TeV in 84 bins
      Lambda tables from threshold to 100 TeV, 7 bins/decade, spline: 1
      ===== EM models for the G4Region  DefaultRegionForTheWorld ======
               hBrem : Emin=    0 eV  Emax=  100 TeV  ModifiedMephi

hPairProd:  for anti_proton  XStype:1  SubType=4
      dE/dx and range tables from 100 eV  to 100 TeV in 84 bins
      Lambda tables from threshold to 100 TeV, 7 bins/decade, spline: 1
      Sampling table 17x1001; from 7.50618 GeV to 100 TeV 
      ===== EM models for the G4Region  DefaultRegionForTheWorld ======
           hPairProd : Emin=    0 eV  Emax=  100 TeV  ModifiedMephi

CoulombScat:  for anti_proton XStype:1 SubType=1 BuildTable=1
      Lambda table from threshold  to 100 TeV, 7 bins/decade, spline: 0
      ThetaMin(p) < Theta(degree) < 180, pLimit(GeV^1)= 0.139531
      ===== EM models for the G4Region  DefaultRegionForTheWorld ======
  eCoulombScattering : Emin=    0 eV  Emax=  100 TeV

msc:  for kaon+  SubType= 10
      ===== EM models for the G4Region  DefaultRegionForTheWorld ======
        WentzelVIUni : Emin=    0 eV  Emax=  100 TeV Nbins=84 100 eV  - 100 TeV
          StepLim=Minimal Rfact=0.2 Gfact=2.5 Sfact=0.6 DispFlag:0 Skin=1 Llim=1 mm

hIoni:  for kaon+  XStype:3  SubType=2
      dE/dx and range tables from 100 eV  to 100 TeV in 84 bins
      Lambda tables from threshold to 100 TeV, 7 bins/decade, spline: 1
      StepFunction=(0.2, 0.1 mm), integ: 3, fluct: 1, linLossLim= 0.01
      ===== EM models for the G4Region  DefaultRegionForTheWorld ======
               Bragg : Emin=    0 eV  Emax=1.05231 MeV
          BetheBloch : Emin=1.05231 MeV Emax=  100 TeV

hBrems:  for kaon+  XStype:1  SubType=3
      dE/dx and range tables from 100 eV  to 100 TeV in 84 bins
      Lambda tables from threshold to 100 TeV, 7 bins/decade, spline: 1
      ===== EM models for the G4Region  DefaultRegionForTheWorld ======
               hBrem : Emin=    0 eV  Emax=  100 TeV  ModifiedMephi

hPairProd:  for kaon+  XStype:1  SubType=4
      dE/dx and range tables from 100 eV  to 100 TeV in 84 bins
      Lambda tables from threshold to 100 TeV, 7 bins/decade, spline: 1
      Sampling table 18x1001; from 3.94942 GeV to 100 TeV 
      ===== EM models for the G4Region  DefaultRegionForTheWorld ======
           hPairProd : Emin=    0 eV  Emax=  100 TeV  ModifiedMephi

CoulombScat:  for kaon+ XStype:1 SubType=1 BuildTable=1
      Lambda table from threshold  to 100 TeV, 7 bins/decade, spline: 0
      ThetaMin(p) < Theta(degree) < 180, pLimit(GeV^1)= 0.139531
      ===== EM models for the G4Region  DefaultRegionForTheWorld ======
  eCoulombScattering : Emin=    0 eV  Emax=  100 TeV

msc:  for kaon-  SubType= 10
      ===== EM models for the G4Region  DefaultRegionForTheWorld ======
        WentzelVIUni : Emin=    0 eV  Emax=  100 TeV Nbins=84 100 eV  - 100 TeV
          StepLim=Minimal Rfact=0.2 Gfact=2.5 Sfact=0.6 DispFlag:0 Skin=1 Llim=1 mm

hIoni:  for kaon-  XStype:3  SubType=2
      dE/dx and range tables from 100 eV  to 100 TeV in 84 bins
      Lambda tables from threshold to 100 TeV, 7 bins/decade, spline: 1
      StepFunction=(0.2, 0.1 mm), integ: 3, fluct: 1, linLossLim= 0.01
      ===== EM models for the G4Region  DefaultRegionForTheWorld ======
            ICRU73QO : Emin=    0 eV  Emax=1.05231 MeV
          BetheBloch : Emin=1.05231 MeV Emax=  100 TeV

hBrems:  for kaon-  XStype:1  SubType=3
      dE/dx and range tables from 100 eV  to 100 TeV in 84 bins
      Lambda tables from threshold to 100 TeV, 7 bins/decade, spline: 1
      ===== EM models for the G4Region  DefaultRegionForTheWorld ======
               hBrem : Emin=    0 eV  Emax=  100 TeV  ModifiedMephi

hPairProd:  for kaon-  XStype:1  SubType=4
      dE/dx and range tables from 100 eV  to 100 TeV in 84 bins
      Lambda tables from threshold to 100 TeV, 7 bins/decade, spline: 1
      Sampling table 18x1001; from 3.94942 GeV to 100 TeV 
      ===== EM models for the G4Region  DefaultRegionForTheWorld ======
           hPairProd : Emin=    0 eV  Emax=  100 TeV  ModifiedMephi

CoulombScat:  for kaon- XStype:1 SubType=1 BuildTable=1
      Used Lambda table of kaon+
      ThetaMin(p) < Theta(degree) < 180, pLimit(GeV^1)= 0.139531
      ===== EM models for the G4Region  DefaultRegionForTheWorld ======
  eCoulombScattering : Emin=    0 eV  Emax=  100 TeV

msc:  for mu+  SubType= 10
      ===== EM models for the G4Region  DefaultRegionForTheWorld ======
        WentzelVIUni : Emin=    0 eV  Emax=  100 TeV Nbins=84 100 eV  - 100 TeV
          StepLim=Minimal Rfact=0.2 Gfact=2.5 Sfact=0.6 DispFlag:0 Skin=1 Llim=1 mm

muIoni:  for mu+  XStype:3  SubType=2
      dE/dx and range tables from 100 eV  to 100 TeV in 84 bins
      Lambda tables from threshold to 100 TeV, 7 bins/decade, spline: 1
      StepFunction=(0.2, 0.1 mm), integ: 3, fluct: 1, linLossLim= 0.01
      ===== EM models for the G4Region  DefaultRegionForTheWorld ======
               Bragg : Emin=    0 eV  Emax=  200 keV
        MuBetheBloch : Emin=  200 keV Emax=  100 TeV

muBrems:  for mu+  XStype:1  SubType=3
      dE/dx and range tables from 100 eV  to 100 TeV in 84 bins
      Lambda tables from threshold to 100 TeV, 7 bins/decade, spline: 1
      ===== EM models for the G4Region  DefaultRegionForTheWorld ======
              MuBrem : Emin=    0 eV  Emax=  100 TeV  ModifiedMephi

muPairProd:  for mu+  XStype:1  SubType=4
      dE/dx and range tables from 100 eV  to 100 TeV in 84 bins
      Lambda tables from threshold to 100 TeV, 7 bins/decade, spline: 1
      Sampling table 21x1001; from 0.85 GeV to 100 TeV 
      ===== EM models for the G4Region  DefaultRegionForTheWorld ======
          muPairProd : Emin=    0 eV  Emax=  100 TeV  ModifiedMephi

CoulombScat:  for mu+ XStype:1 SubType=1 BuildTable=1
      Lambda table from threshold  to 100 TeV, 7 bins/decade, spline: 0
      ThetaMin(p) < Theta(degree) < 180, pLimit(GeV^1)= 0.139531
      ===== EM models for the G4Region  DefaultRegionForTheWorld ======
  eCoulombScattering : Emin=    0 eV  Emax=  100 TeV

msc:  for mu-  SubType= 10
      ===== EM models for the G4Region  DefaultRegionForTheWorld ======
        WentzelVIUni : Emin=    0 eV  Emax=  100 TeV Nbins=84 100 eV  - 100 TeV
          StepLim=Minimal Rfact=0.2 Gfact=2.5 Sfact=0.6 DispFlag:0 Skin=1 Llim=1 mm

muIoni:  for mu-  XStype:3  SubType=2
      dE/dx and range tables from 100 eV  to 100 TeV in 84 bins
      Lambda tables from threshold to 100 TeV, 7 bins/decade, spline: 1
      StepFunction=(0.2, 0.1 mm), integ: 3, fluct: 1, linLossLim= 0.01
      ===== EM models for the G4Region  DefaultRegionForTheWorld ======
            ICRU73QO : Emin=    0 eV  Emax=  200 keV
        MuBetheBloch : Emin=  200 keV Emax=  100 TeV

muBrems:  for mu-  XStype:1  SubType=3
      dE/dx and range tables from 100 eV  to 100 TeV in 84 bins
      Lambda tables from threshold to 100 TeV, 7 bins/decade, spline: 1
      ===== EM models for the G4Region  DefaultRegionForTheWorld ======
              MuBrem : Emin=    0 eV  Emax=  100 TeV  ModifiedMephi

muPairProd:  for mu-  XStype:1  SubType=4
      dE/dx and range tables from 100 eV  to 100 TeV in 84 bins
      Lambda tables from threshold to 100 TeV, 7 bins/decade, spline: 1
      Sampling table 21x1001; from 0.85 GeV to 100 TeV 
      ===== EM models for the G4Region  DefaultRegionForTheWorld ======
          muPairProd : Emin=    0 eV  Emax=  100 TeV  ModifiedMephi

CoulombScat:  for mu- XStype:1 SubType=1 BuildTable=1
      Used Lambda table of mu+
      ThetaMin(p) < Theta(degree) < 180, pLimit(GeV^1)= 0.139531
      ===== EM models for the G4Region  DefaultRegionForTheWorld ======
  eCoulombScattering : Emin=    0 eV  Emax=  100 TeV

msc:  for pi+  SubType= 10
      ===== EM models for the G4Region  DefaultRegionForTheWorld ======
        WentzelVIUni : Emin=    0 eV  Emax=  100 TeV Nbins=84 100 eV  - 100 TeV
          StepLim=Minimal Rfact=0.2 Gfact=2.5 Sfact=0.6 DispFlag:0 Skin=1 Llim=1 mm

hIoni:  for pi+  XStype:3  SubType=2
      dE/dx and range tables from 100 eV  to 100 TeV in 84 bins
      Lambda tables from threshold to 100 TeV, 7 bins/decade, spline: 1
      StepFunction=(0.2, 0.1 mm), integ: 3, fluct: 1, linLossLim= 0.01
      ===== EM models for the G4Region  DefaultRegionForTheWorld ======
               Bragg : Emin=    0 eV  Emax=297.505 keV
          BetheBloch : Emin=297.505 keV Emax=  100 TeV

hBrems:  for pi+  XStype:1  SubType=3
      dE/dx and range tables from 100 eV  to 100 TeV in 84 bins
      Lambda tables from threshold to 100 TeV, 7 bins/decade, spline: 1
      ===== EM models for the G4Region  DefaultRegionForTheWorld ======
               hBrem : Emin=    0 eV  Emax=  100 TeV  ModifiedMephi

hPairProd:  for pi+  XStype:1  SubType=4
      dE/dx and range tables from 100 eV  to 100 TeV in 84 bins
      Lambda tables from threshold to 100 TeV, 7 bins/decade, spline: 1
      Sampling table 20x1001; from 1.11656 GeV to 100 TeV 
      ===== EM models for the G4Region  DefaultRegionForTheWorld ======
           hPairProd : Emin=    0 eV  Emax=  100 TeV  ModifiedMephi

CoulombScat:  for pi+ XStype:1 SubType=1 BuildTable=1
      Lambda table from threshold  to 100 TeV, 7 bins/decade, spline: 0
      ThetaMin(p) < Theta(degree) < 180, pLimit(GeV^1)= 0.139531
      ===== EM models for the G4Region  DefaultRegionForTheWorld ======
  eCoulombScattering : Emin=    0 eV  Emax=  100 TeV

msc:  for pi-  SubType= 10
      ===== EM models for the G4Region  DefaultRegionForTheWorld ======
        WentzelVIUni : Emin=    0 eV  Emax=  100 TeV Nbins=84 100 eV  - 100 TeV
          StepLim=Minimal Rfact=0.2 Gfact=2.5 Sfact=0.6 DispFlag:0 Skin=1 Llim=1 mm

hIoni:  for pi-  XStype:3  SubType=2
      dE/dx and range tables from 100 eV  to 100 TeV in 84 bins
      Lambda tables from threshold to 100 TeV, 7 bins/decade, spline: 1
      StepFunction=(0.2, 0.1 mm), integ: 3, fluct: 1, linLossLim= 0.01
      ===== EM models for the G4Region  DefaultRegionForTheWorld ======
            ICRU73QO : Emin=    0 eV  Emax=297.505 keV
          BetheBloch : Emin=297.505 keV Emax=  100 TeV

hBrems:  for pi-  XStype:1  SubType=3
      dE/dx and range tables from 100 eV  to 100 TeV in 84 bins
      Lambda tables from threshold to 100 TeV, 7 bins/decade, spline: 1
      ===== EM models for the G4Region  DefaultRegionForTheWorld ======
               hBrem : Emin=    0 eV  Emax=  100 TeV  ModifiedMephi

hPairProd:  for pi-  XStype:1  SubType=4
      dE/dx and range tables from 100 eV  to 100 TeV in 84 bins
      Lambda tables from threshold to 100 TeV, 7 bins/decade, spline: 1
      Sampling table 20x1001; from 1.11656 GeV to 100 TeV 
      ===== EM models for the G4Region  DefaultRegionForTheWorld ======
           hPairProd : Emin=    0 eV  Emax=  100 TeV  ModifiedMephi

CoulombScat:  for pi- XStype:1 SubType=1 BuildTable=1
      Used Lambda table of pi+
      ThetaMin(p) < Theta(degree) < 180, pLimit(GeV^1)= 0.139531
      ===== EM models for the G4Region  DefaultRegionForTheWorld ======
  eCoulombScattering : Emin=    0 eV  Emax=  100 TeV

====================================================================
                  HADRONIC PROCESSES SUMMARY (verbose level 1)
-----------------------------------------------------------------------
                           Hadronic Processes for neutron
  Process: hadElastic
        Model:             hElasticCHIPS: 0 eV  ---> 100 TeV
     Cr_sctns:        G4NeutronElasticXS: 0 eV  ---> 100 TeV
  Process: neutronInelastic
        Model:                      FTFP: 3 GeV ---> 100 TeV
        Model:            BertiniCascade: 0 eV  ---> 6 GeV
     Cr_sctns:      G4NeutronInelasticXS: 0 eV  ---> 100 TeV
  Process: nCapture
        Model:               nRadCapture: 0 eV  ---> 100 TeV
     Cr_sctns:        G4NeutronCaptureXS: 0 eV  ---> 100 TeV
  Process: nKiller
-----------------------------------------------------------------------
                           Hadronic Processes for B-
  Process: hadElastic
        Model:              hElasticLHEP: 0 eV  ---> 100 TeV
     Cr_sctns:            Glauber-Gribov: 0 eV  ---> 100 TeV
  Process: B-Inelastic
        Model:                      FTFP: 0 eV  ---> 100 TeV
     Cr_sctns:            Glauber-Gribov: 0 eV  ---> 100 TeV
-----------------------------------------------------------------------
                           Hadronic Processes for D-
  Process: hadElastic
        Model:              hElasticLHEP: 0 eV  ---> 100 TeV
     Cr_sctns:            Glauber-Gribov: 0 eV  ---> 100 TeV
  Process: D-Inelastic
        Model:                      FTFP: 0 eV  ---> 100 TeV
     Cr_sctns:            Glauber-Gribov: 0 eV  ---> 100 TeV
-----------------------------------------------------------------------
                           Hadronic Processes for GenericIon
  Process: ionInelastic
        Model:  Binary Light Ion Cascade: 0 eV /n ---> 6 GeV/n
        Model:                      FTFP: 3 GeV/n ---> 100 TeV/n
     Cr_sctns:  Glauber-Gribov Nucl-nucl: 0 eV  ---> 25.6 PeV
-----------------------------------------------------------------------
                           Hadronic Processes for He3
  Process: hadElastic
        Model:              hElasticLHEP: 0 eV /n ---> 100 TeV/n
     Cr_sctns:  Glauber-Gribov Nucl-nucl: 0 eV  ---> 25.6 PeV
  Process: He3Inelastic
        Model:  Binary Light Ion Cascade: 0 eV /n ---> 6 GeV/n
        Model:                      FTFP: 3 GeV/n ---> 100 TeV/n
     Cr_sctns:  Glauber-Gribov Nucl-nucl: 0 eV  ---> 25.6 PeV
-----------------------------------------------------------------------
                           Hadronic Processes for alpha
  Process: hadElastic
        Model:              hElasticLHEP: 0 eV /n ---> 100 TeV/n
     Cr_sctns:  Glauber-Gribov Nucl-nucl: 0 eV  ---> 25.6 PeV
  Process: alphaInelastic
        Model:  Binary Light Ion Cascade: 0 eV /n ---> 6 GeV/n
        Model:                      FTFP: 3 GeV/n ---> 100 TeV/n
     Cr_sctns:  Glauber-Gribov Nucl-nucl: 0 eV  ---> 25.6 PeV
-----------------------------------------------------------------------
                           Hadronic Processes for anti_He3
  Process: hadElastic
        Model:              hElasticLHEP: 0 eV /n ---> 100.1 MeV/n
        Model:              AntiAElastic: 100 MeV/n ---> 100 TeV/n
     Cr_sctns:              AntiAGlauber: 0 eV  ---> 25.6 PeV
  Process: anti_He3Inelastic
        Model:                      FTFP: 0 eV /n ---> 100 TeV/n
     Cr_sctns:              AntiAGlauber: 0 eV  ---> 25.6 PeV
  Process: hFritiofCaptureAtRest
-----------------------------------------------------------------------
                           Hadronic Processes for anti_alpha
  Process: hadElastic
        Model:              hElasticLHEP: 0 eV /n ---> 100.1 MeV/n
        Model:              AntiAElastic: 100 MeV/n ---> 100 TeV/n
     Cr_sctns:              AntiAGlauber: 0 eV  ---> 25.6 PeV
  Process: anti_alphaInelastic
        Model:                      FTFP: 0 eV /n ---> 100 TeV/n
     Cr_sctns:              AntiAGlauber: 0 eV  ---> 25.6 PeV
  Process: hFritiofCaptureAtRest
-----------------------------------------------------------------------
                           Hadronic Processes for anti_deuteron
  Process: hadElastic
        Model:              hElasticLHEP: 0 eV /n ---> 100.1 MeV/n
        Model:              AntiAElastic: 100 MeV/n ---> 100 TeV/n
     Cr_sctns:              AntiAGlauber: 0 eV  ---> 25.6 PeV
  Process: anti_deuteronInelastic
        Model:                      FTFP: 0 eV /n ---> 100 TeV/n
     Cr_sctns:              AntiAGlauber: 0 eV  ---> 25.6 PeV
  Process: hFritiofCaptureAtRest
-------------------------------------------------------------------------
                           Hadronic Processes for anti_hypertriton
  Process: hFritiofCaptureAtRest
-----------------------------------------------------------------------
                           Hadronic Processes for anti_lambda
  Process: hadElastic
        Model:              hElasticLHEP: 0 eV  ---> 100 TeV
     Cr_sctns:            Glauber-Gribov: 0 eV  ---> 100 TeV
  Process: anti_lambdaInelastic
        Model:                      FTFP: 0 eV  ---> 100 TeV
     Cr_sctns:            Glauber-Gribov: 0 eV  ---> 100 TeV
  Process: hFritiofCaptureAtRest
-----------------------------------------------------------------------
                           Hadronic Processes for anti_neutron
  Process: hadElastic
        Model:              hElasticLHEP: 0 eV  ---> 100.1 MeV
        Model:              AntiAElastic: 100 MeV ---> 100 TeV
     Cr_sctns:              AntiAGlauber: 0 eV  ---> 25.6 PeV
  Process: anti_neutronInelastic
        Model:                      FTFP: 0 eV  ---> 100 TeV
     Cr_sctns:              AntiAGlauber: 0 eV  ---> 25.6 PeV
  Process: hFritiofCaptureAtRest
-----------------------------------------------------------------------
                           Hadronic Processes for anti_proton
  Process: hadElastic
        Model:              hElasticLHEP: 0 eV  ---> 100.1 MeV
        Model:              AntiAElastic: 100 MeV ---> 100 TeV
     Cr_sctns:              AntiAGlauber: 0 eV  ---> 25.6 PeV
  Process: anti_protonInelastic
        Model:                      FTFP: 0 eV  ---> 100 TeV
     Cr_sctns:              AntiAGlauber: 0 eV  ---> 25.6 PeV
  Process: hFritiofCaptureAtRest
-----------------------------------------------------------------------
                           Hadronic Processes for anti_triton
  Process: hadElastic
        Model:              hElasticLHEP: 0 eV /n ---> 100.1 MeV/n
        Model:              AntiAElastic: 100 MeV/n ---> 100 TeV/n
     Cr_sctns:              AntiAGlauber: 0 eV  ---> 25.6 PeV
  Process: anti_tritonInelastic
        Model:                      FTFP: 0 eV /n ---> 100 TeV/n
     Cr_sctns:              AntiAGlauber: 0 eV  ---> 25.6 PeV
  Process: hFritiofCaptureAtRest
-----------------------------------------------------------------------
                           Hadronic Processes for deuteron
  Process: hadElastic
        Model:              hElasticLHEP: 0 eV /n ---> 100 TeV/n
     Cr_sctns:  Glauber-Gribov Nucl-nucl: 0 eV  ---> 25.6 PeV
  Process: dInelastic
        Model:  Binary Light Ion Cascade: 0 eV /n ---> 6 GeV/n
        Model:                      FTFP: 3 GeV/n ---> 100 TeV/n
     Cr_sctns:  Glauber-Gribov Nucl-nucl: 0 eV  ---> 25.6 PeV
-----------------------------------------------------------------------
                           Hadronic Processes for e+
  Process: positronNuclear
        Model:   G4ElectroVDNuclearModel: 0 eV  ---> 1 PeV
     Cr_sctns:          ElectroNuclearXS: 0 eV  ---> 100 TeV
-----------------------------------------------------------------------
                           Hadronic Processes for e-
  Process: electronNuclear
        Model:   G4ElectroVDNuclearModel: 0 eV  ---> 1 PeV
     Cr_sctns:          ElectroNuclearXS: 0 eV  ---> 100 TeV
-----------------------------------------------------------------------
                           Hadronic Processes for gamma
  Process: photonNuclear
        Model:               GammaNPreco: 0 eV  ---> 200 MeV
        Model:            BertiniCascade: 199 MeV ---> 6 GeV
        Model:           TheoFSGenerator: 3 GeV ---> 100 TeV
     Cr_sctns:            GammaNuclearXS: 0 eV  ---> 100 TeV
-----------------------------------------------------------------------
                           Hadronic Processes for kaon+
  Process: hadElastic
        Model:              hElasticLHEP: 0 eV  ---> 100 TeV
     Cr_sctns:            Glauber-Gribov: 0 eV  ---> 100 TeV
  Process: kaon+Inelastic
        Model:                      FTFP: 3 GeV ---> 100 TeV
        Model:            BertiniCascade: 0 eV  ---> 6 GeV
     Cr_sctns:            Glauber-Gribov: 0 eV  ---> 100 TeV
-----------------------------------------------------------------------
                           Hadronic Processes for kaon-
  Process: hadElastic
        Model:              hElasticLHEP: 0 eV  ---> 100 TeV
     Cr_sctns:            Glauber-Gribov: 0 eV  ---> 100 TeV
  Process: kaon-Inelastic
        Model:                      FTFP: 3 GeV ---> 100 TeV
        Model:            BertiniCascade: 0 eV  ---> 6 GeV
     Cr_sctns:            Glauber-Gribov: 0 eV  ---> 100 TeV
  Process: hBertiniCaptureAtRest
-----------------------------------------------------------------------
                           Hadronic Processes for lambda
  Process: hadElastic
        Model:              hElasticLHEP: 0 eV  ---> 100 TeV
     Cr_sctns:            Glauber-Gribov: 0 eV  ---> 100 TeV
  Process: lambdaInelastic
        Model:                      FTFP: 3 GeV ---> 100 TeV
        Model:            BertiniCascade: 0 eV  ---> 6 GeV
     Cr_sctns:            Glauber-Gribov: 0 eV  ---> 100 TeV
-----------------------------------------------------------------------
                           Hadronic Processes for mu+
  Process: muonNuclear
        Model:      G4MuonVDNuclearModel: 0 eV  ---> 1 PeV
     Cr_sctns:     KokoulinMuonNuclearXS: 0 eV  ---> 100 TeV
-----------------------------------------------------------------------
                           Hadronic Processes for mu-
  Process: muonNuclear
        Model:      G4MuonVDNuclearModel: 0 eV  ---> 1 PeV
     Cr_sctns:     KokoulinMuonNuclearXS: 0 eV  ---> 100 TeV
  Process: muMinusCaptureAtRest
-----------------------------------------------------------------------
                           Hadronic Processes for pi+
  Process: hadElastic
        Model:           hElasticGlauber: 0 eV  ---> 100 TeV
     Cr_sctns:  BarashenkovGlauberGribov: 0 eV  ---> 100 TeV
  Process: pi+Inelastic
        Model:                      FTFP: 3 GeV ---> 100 TeV
        Model:            BertiniCascade: 0 eV  ---> 6 GeV
     Cr_sctns:  BarashenkovGlauberGribov: 0 eV  ---> 100 TeV
-----------------------------------------------------------------------
                           Hadronic Processes for pi-
  Process: hadElastic
        Model:           hElasticGlauber: 0 eV  ---> 100 TeV
     Cr_sctns:  BarashenkovGlauberGribov: 0 eV  ---> 100 TeV
  Process: pi-Inelastic
        Model:                      FTFP: 3 GeV ---> 100 TeV
        Model:            BertiniCascade: 0 eV  ---> 6 GeV
     Cr_sctns:  BarashenkovGlauberGribov: 0 eV  ---> 100 TeV
  Process: hBertiniCaptureAtRest
-----------------------------------------------------------------------
                           Hadronic Processes for proton
  Process: hadElastic
        Model:             hElasticCHIPS: 0 eV  ---> 100 TeV
     Cr_sctns:  BarashenkovGlauberGribov: 0 eV  ---> 100 TeV
  Process: protonInelastic
        Model:                      FTFP: 3 GeV ---> 100 TeV
        Model:            BertiniCascade: 0 eV  ---> 6 GeV
     Cr_sctns:  BarashenkovGlauberGribov: 0 eV  ---> 100 TeV
-----------------------------------------------------------------------
                           Hadronic Processes for sigma-
  Process: hadElastic
        Model:              hElasticLHEP: 0 eV  ---> 100 TeV
     Cr_sctns:            Glauber-Gribov: 0 eV  ---> 100 TeV
  Process: sigma-Inelastic
        Model:                      FTFP: 3 GeV ---> 100 TeV
        Model:            BertiniCascade: 0 eV  ---> 6 GeV
     Cr_sctns:            Glauber-Gribov: 0 eV  ---> 100 TeV
  Process: hBertiniCaptureAtRest
-----------------------------------------------------------------------
                           Hadronic Processes for triton
  Process: hadElastic
        Model:              hElasticLHEP: 0 eV /n ---> 100 TeV/n
     Cr_sctns:  Glauber-Gribov Nucl-nucl: 0 eV  ---> 25.6 PeV
  Process: tInelastic
        Model:  Binary Light Ion Cascade: 0 eV /n ---> 6 GeV/n
        Model:                      FTFP: 3 GeV/n ---> 100 TeV/n
     Cr_sctns:  Glauber-Gribov Nucl-nucl: 0 eV  ---> 25.6 PeV
=======================================================================
======       Geant4 Native Pre-compound Model Parameters       ========
=======================================================================
Type of pre-compound inverse x-section              3
Pre-compound model active                           1
Pre-compound excitation low energy                  100 keV
Pre-compound excitation high energy                 30 MeV
Angular generator for pre-compound model            1
Use NeverGoBack option for pre-compound model       0
Use SoftCutOff option for pre-compound model        0
Use CEM transitions for pre-compound model          1
Use GNASH transitions for pre-compound model        0
Use HETC submodel for pre-compound model            0
=======================================================================
======       Nuclear De-excitation Module Parameters           ========
=======================================================================
Type of de-excitation inverse x-section             3
Type of de-excitation factory                       Evaporation+GEM
Number of de-excitation channels                    68
Min excitation energy                               10 eV 
Min energy per nucleon for multifragmentation       200 GeV
Limit excitation energy for Fermi BreakUp           20 MeV
Level density (1/MeV)                               0.075
Use simple level density model                      1
Use discrete excitation energy of the residual      1
Time limit for long lived isomeres                  1 ns 
Isomer production flag                              1
Internal e- conversion flag                         1
Store e- internal conversion data                   0
Correlated gamma emission flag                      0
Max 2J for sampling of angular correlations         10
=======================================================================
G4VisManager: Using G4TrajectoryDrawByCharge as fallback trajectory model.
See commands in /vis/modeling/trajectories/ for other options.
### Run 0 starts.
--> Event 0 starts.
--> Event 5000 starts.
--> Event 10000 starts.
--> Event 15000 starts.
Job termination...
MuonTree  endjob...
Duration of this job: 2569.02 seconds
Total time for PrimaryGeneratorAction: 5.03515 seconds
Total time for TimeB4aEventAction:   : 2552.18 seconds

--------- Ranecu engine status ---------
 Initial seed (index) = 0
 Current couple of seeds = 972145110, 449007324
----------------------------------------
Graphics systems deleted.
Visualization Manager deleting...
deleting MuonTree...
deleting PrimaryGeneratorAction...
Total time simulated: 1647.99 seconds
   
deleting B4aEventAction...
